{"name": "test_01_baili[args10]", "status": "broken", "statusDetails": {"message": "selenium.common.exceptions.NoSuchElementException: Message: no such element: Unable to locate element: {\"method\":\"css selector\",\"selector\":\"[name=\"wd\"]\"}\n  (Session info: chrome=100.0.4896.60); For documentation on this error, please visit: https://www.selenium.dev/documentation/webdriver/troubleshooting/errors#no-such-element-exception\nStacktrace:\nBacktrace:\n\tOrdinal0 [0x01057413+2389011]\n\tOrdinal0 [0x00FE9F61+1941345]\n\tOrdinal0 [0x00EDC658+837208]\n\tOrdinal0 [0x00F091DD+1020381]\n\tOrdinal0 [0x00F0949B+1021083]\n\tOrdinal0 [0x00F36032+1204274]\n\tOrdinal0 [0x00F24194+1130900]\n\tOrdinal0 [0x00F34302+1196802]\n\tOrdinal0 [0x00F23F66+1130342]\n\tOrdinal0 [0x00EFE546+976198]\n\tOrdinal0 [0x00EFF456+980054]\n\tGetHandleVerifier [0x01209632+1727522]\n\tGetHandleVerifier [0x012BBA4D+2457661]\n\tGetHandleVerifier [0x010EEB81+569713]\n\tGetHandleVerifier [0x010EDD76+566118]\n\tOrdinal0 [0x00FF0B2B+1968939]\n\tOrdinal0 [0x00FF5988+1989000]\n\tOrdinal0 [0x00FF5A75+1989237]\n\tOrdinal0 [0x00FFECB1+2026673]\n\tBaseThreadInitThunk [0x7612FCC9+25]\n\tRtlGetAppContainerNamedObjectPath [0x77677C5E+286]\n\tRtlGetAppContainerNamedObjectPath [0x77677C2E+238]", "trace": "self = <test_UI_research.TestResearch object at 0x000001E76DC34E48>\nargs = {'name': '11.输入包含两个<的20以内个字符，点击百度一下按钮，返回关于去除<的输入字符的搜索结果界面', 'param': 'aaaaaaaaaaaaa<<', 'request': {'headers': {'Accep...Safari/537.36 Edg/83.0.478.50'}, 'method': 'get', 'url': 'https://www.baidu.com/s'}, 'test': '\"query\":\"aaaaaaaaaaaaa\"'}\n\n    @pytest.mark.parametrize('args',YamlUtil(os.getcwd()+'\\\\test_api.yaml').read_yaml())\n    def test_01_baili(self,args):\n        driver = webdriver.Chrome()\n        url = args['request']['url']\n        driver.get(url)\n        param=args.get('param')\n        # 在输入框中输入值:\n>       elem = driver.find_element(By.NAME, \"wd\")\n\ntest_UI_research.py:21: \n_ _ _ _ _ _ _ _ _ _ _ _ _ _ _ _ _ _ _ _ _ _ _ _ _ _ _ _ _ _ _ _ _ _ _ _ _ _ _ _\nD:\\testDatabase\\venv\\lib\\site-packages\\selenium\\webdriver\\remote\\webdriver.py:739: in find_element\n    return self.execute(Command.FIND_ELEMENT, {\"using\": by, \"value\": value})[\"value\"]\nD:\\testDatabase\\venv\\lib\\site-packages\\selenium\\webdriver\\remote\\webdriver.py:345: in execute\n    self.error_handler.check_response(response)\n_ _ _ _ _ _ _ _ _ _ _ _ _ _ _ _ _ _ _ _ _ _ _ _ _ _ _ _ _ _ _ _ _ _ _ _ _ _ _ _\n\nself = <selenium.webdriver.remote.errorhandler.ErrorHandler object at 0x000001E76E695588>\nresponse = {'status': 404, 'value': '{\"value\":{\"error\":\"no such element\",\"message\":\"no such element: Unable to locate element: {\\...\\n\\\\tRtlGetAppContainerNamedObjectPath [0x77677C5E+286]\\\\n\\\\tRtlGetAppContainerNamedObjectPath [0x77677C2E+238]\\\\n\"}}'}\n\n    def check_response(self, response: Dict[str, Any]) -> None:\n        \"\"\"Checks that a JSON response from the WebDriver does not have an\n        error.\n    \n        :Args:\n         - response - The JSON response from the WebDriver server as a dictionary\n           object.\n    \n        :Raises: If the response contains an error message.\n        \"\"\"\n        status = response.get(\"status\", None)\n        if not status or status == ErrorCode.SUCCESS:\n            return\n        value = None\n        message = response.get(\"message\", \"\")\n        screen: str = response.get(\"screen\", \"\")\n        stacktrace = None\n        if isinstance(status, int):\n            value_json = response.get(\"value\", None)\n            if value_json and isinstance(value_json, str):\n                import json\n    \n                try:\n                    value = json.loads(value_json)\n                    if len(value) == 1:\n                        value = value[\"value\"]\n                    status = value.get(\"error\", None)\n                    if not status:\n                        status = value.get(\"status\", ErrorCode.UNKNOWN_ERROR)\n                        message = value.get(\"value\") or value.get(\"message\")\n                        if not isinstance(message, str):\n                            value = message\n                            message = message.get(\"message\")\n                    else:\n                        message = value.get(\"message\", None)\n                except ValueError:\n                    pass\n    \n        exception_class: Type[WebDriverException]\n        e = ErrorCode()\n        error_codes = [item for item in dir(e) if not item.startswith(\"__\")]\n        for error_code in error_codes:\n            error_info = getattr(ErrorCode, error_code)\n            if isinstance(error_info, list) and status in error_info:\n                exception_class = getattr(ExceptionMapping, error_code, WebDriverException)\n                break\n        else:\n            exception_class = WebDriverException\n    \n        if not value:\n            value = response[\"value\"]\n        if isinstance(value, str):\n            raise exception_class(value)\n        if message == \"\" and \"message\" in value:\n            message = value[\"message\"]\n    \n        screen = None  # type: ignore[assignment]\n        if \"screen\" in value:\n            screen = value[\"screen\"]\n    \n        stacktrace = None\n        st_value = value.get(\"stackTrace\") or value.get(\"stacktrace\")\n        if st_value:\n            if isinstance(st_value, str):\n                stacktrace = st_value.split(\"\\n\")\n            else:\n                stacktrace = []\n                try:\n                    for frame in st_value:\n                        line = frame.get(\"lineNumber\", \"\")\n                        file = frame.get(\"fileName\", \"<anonymous>\")\n                        if line:\n                            file = f\"{file}:{line}\"\n                        meth = frame.get(\"methodName\", \"<anonymous>\")\n                        if \"className\" in frame:\n                            meth = f\"{frame['className']}.{meth}\"\n                        msg = \"    at %s (%s)\"\n                        msg = msg % (meth, file)\n                        stacktrace.append(msg)\n                except TypeError:\n                    pass\n        if exception_class == UnexpectedAlertPresentException:\n            alert_text = None\n            if \"data\" in value:\n                alert_text = value[\"data\"].get(\"text\")\n            elif \"alert\" in value:\n                alert_text = value[\"alert\"].get(\"text\")\n            raise exception_class(message, screen, stacktrace, alert_text)  # type: ignore[call-arg]  # mypy is not smart enough here\n>       raise exception_class(message, screen, stacktrace)\nE       selenium.common.exceptions.NoSuchElementException: Message: no such element: Unable to locate element: {\"method\":\"css selector\",\"selector\":\"[name=\"wd\"]\"}\nE         (Session info: chrome=100.0.4896.60); For documentation on this error, please visit: https://www.selenium.dev/documentation/webdriver/troubleshooting/errors#no-such-element-exception\nE       Stacktrace:\nE       Backtrace:\nE       \tOrdinal0 [0x01057413+2389011]\nE       \tOrdinal0 [0x00FE9F61+1941345]\nE       \tOrdinal0 [0x00EDC658+837208]\nE       \tOrdinal0 [0x00F091DD+1020381]\nE       \tOrdinal0 [0x00F0949B+1021083]\nE       \tOrdinal0 [0x00F36032+1204274]\nE       \tOrdinal0 [0x00F24194+1130900]\nE       \tOrdinal0 [0x00F34302+1196802]\nE       \tOrdinal0 [0x00F23F66+1130342]\nE       \tOrdinal0 [0x00EFE546+976198]\nE       \tOrdinal0 [0x00EFF456+980054]\nE       \tGetHandleVerifier [0x01209632+1727522]\nE       \tGetHandleVerifier [0x012BBA4D+2457661]\nE       \tGetHandleVerifier [0x010EEB81+569713]\nE       \tGetHandleVerifier [0x010EDD76+566118]\nE       \tOrdinal0 [0x00FF0B2B+1968939]\nE       \tOrdinal0 [0x00FF5988+1989000]\nE       \tOrdinal0 [0x00FF5A75+1989237]\nE       \tOrdinal0 [0x00FFECB1+2026673]\nE       \tBaseThreadInitThunk [0x7612FCC9+25]\nE       \tRtlGetAppContainerNamedObjectPath [0x77677C5E+286]\nE       \tRtlGetAppContainerNamedObjectPath [0x77677C2E+238]\n\nD:\\testDatabase\\venv\\lib\\site-packages\\selenium\\webdriver\\remote\\errorhandler.py:229: NoSuchElementException"}, "parameters": [{"name": "args", "value": "{'name': '11.输入包含两个<的20以内个字符，点击百度一下按钮，返回关于去除<的输入字符的搜索结果界面', 'request': {'url': 'https://www.baidu.com/s', 'method': 'get', 'headers': {'User-Agent': 'Mozilla/5.0 (Windows NT 10.0; Win64; x64) AppleWebKit/537.36 (KHTML, like Gecko) Chrome/83.0.4103.97 Safari/537.36 Edg/83.0.478.50', 'Accept': 'text/html,application/xhtml+xml,application/xml;q=0.9,image/webp,image/apng,*/*;q=0.8,application/signed-exchange;v=b3;q=0.9'}}, 'param': 'aaaaaaaaaaaaa<<', 'test': '\"query\":\"aaaaaaaaaaaaa\"'}"}], "start": 1719371840184, "stop": 1719371846679, "uuid": "907dd9c0-fc8f-4df0-8031-3371c3d37668", "historyId": "f19d3df8673aeecf3479f5373c1ef7bb", "testCaseId": "4e0f777ad7201c104189149dd189df99", "fullName": "testcase.test_UI_research.TestResearch#test_01_baili", "labels": [{"name": "parentSuite", "value": "testcase"}, {"name": "suite", "value": "test_UI_research"}, {"name": "subSuite", "value": "TestResearch"}, {"name": "host", "value": "LAPTOP-UB0CHATK"}, {"name": "thread", "value": "26612-MainThread"}, {"name": "framework", "value": "pytest"}, {"name": "language", "value": "cpython3"}, {"name": "package", "value": "testcase.test_UI_research"}]}